<?xml version="1.0" encoding="UTF-8"?>
<testsuite xmlns:xsi="http://www.w3.org/2001/XMLSchema-instance" xsi:noNamespaceSchemaLocation="https://maven.apache.org/surefire/maven-surefire-plugin/xsd/surefire-test-report-3.0.xsd" version="3.0" name="StatsCalculatorTest" time="0.158" tests="7" errors="0" skipped="0" failures="0">
  <properties>
[...]
</properties>
  <testcase name="calculatePopularDomainTest" classname="StatsCalculatorTest" time="0.051"/>
  <testcase name="whenExceptionThrown_thenExpectationSatisfied1" classname="StatsCalculatorTest" time="0.007"/>
  <testcase name="whenExceptionThrown_thenExpectationSatisfied2" classname="StatsCalculatorTest" time="0.003"/>
  <testcase name="whenExceptionThrown_thenExpectationSatisfied3" classname="StatsCalculatorTest" time="0.003"/>
  <testcase name="patternMatchesTest" classname="StatsCalculatorTest" time="0.002"/>
  <testcase name="getEmailDomainTest" classname="StatsCalculatorTest" time="0.002"/>
  <testcase name="calculateMeanAgeTest" classname="StatsCalculatorTest" time="0.001"/>
</testsuite>